<?xml version="1.0" encoding="UTF-8"?>
<!-- Generated by org.testng.reporters.JUnitReportReporter -->
<testsuite hostname="OM-SAI-RAM" failures="0" tests="4" name="api.Test.UserTests" time="10.136" errors="0" timestamp="2024-01-03T03:37:11 IST" skipped="0">
  <testcase classname="api.Test.UserTests" name="postUserTest" time="4.186"/>
  <system-out/>
  <testcase classname="api.Test.UserTests" name="getUserByNameTest" time="1.560"/>
  <system-out/>
  <testcase classname="api.Test.UserTests" name="updateUserByNameTest" time="3.063"/>
  <system-out/>
  <testcase classname="api.Test.UserTests" name="deleteuserByNameTest" time="1.327"/>
  <system-out/>
</testsuite> <!-- api.Test.UserTests -->
