<?xml version="1.0" encoding="UTF-8"?>
<!-- Generated by org.testng.reporters.JUnitReportReporter -->
<testsuite hostname="OM-SAI-RAM" failures="0" tests="6" name="api.Test.DataDrivenTesting" time="8.880" errors="0" timestamp="2024-01-02T23:59:57 IST" skipped="0">
  <testcase classname="api.Test.DataDrivenTesting" name="postUserTest" time="1.078"/>
  <system-out/>
  <testcase classname="api.Test.DataDrivenTesting" name="postUserTest" time="3.050"/>
  <system-out/>
  <testcase classname="api.Test.DataDrivenTesting" name="postUserTest" time="1.130"/>
  <system-out/>
  <testcase classname="api.Test.DataDrivenTesting" name="deleteUserByNameTest" time="1.300"/>
  <system-out/>
  <testcase classname="api.Test.DataDrivenTesting" name="deleteUserByNameTest" time="1.172"/>
  <system-out/>
  <testcase classname="api.Test.DataDrivenTesting" name="deleteUserByNameTest" time="1.150"/>
  <system-out/>
</testsuite> <!-- api.Test.DataDrivenTesting -->
