<?xml version="1.0" encoding="UTF-8"?>
<!-- Generated by org.testng.reporters.JUnitReportReporter -->
<testsuite hostname="OM-SAI-RAM" failures="0" tests="6" name="api.Test.DataDrivenTest" time="12.031" errors="0" timestamp="2024-01-03T01:16:59 IST" skipped="0">
  <testcase classname="api.Test.DataDrivenTest" name="postUserTest" time="4.653"/>
  <system-out/>
  <testcase classname="api.Test.DataDrivenTest" name="postUserTest" time="1.524"/>
  <system-out/>
  <testcase classname="api.Test.DataDrivenTest" name="postUserTest" time="1.563"/>
  <system-out/>
  <testcase classname="api.Test.DataDrivenTest" name="deleteUserByNameTest" time="1.608"/>
  <system-out/>
  <testcase classname="api.Test.DataDrivenTest" name="deleteUserByNameTest" time="1.371"/>
  <system-out/>
  <testcase classname="api.Test.DataDrivenTest" name="deleteUserByNameTest" time="1.312"/>
  <system-out/>
</testsuite> <!-- api.Test.DataDrivenTest -->
