<?xml version="1.0" encoding="UTF-8"?>
<!-- Generated by org.testng.reporters.JUnitReportReporter -->
<testsuite hostname="OM-SAI-RAM" failures="0" tests="4" name="api.Test.UserTestsUsingPropertyFile" time="7.526" errors="0" timestamp="2024-01-03T20:34:26 IST" skipped="0">
  <testcase classname="api.Test.UserTestsUsingPropertyFile" name="postUserTest" time="3.000"/>
  <system-out/>
  <testcase classname="api.Test.UserTestsUsingPropertyFile" name="getUserByNameTest" time="1.173"/>
  <system-out/>
  <testcase classname="api.Test.UserTestsUsingPropertyFile" name="updateUserByNameTest" time="2.256"/>
  <system-out/>
  <testcase classname="api.Test.UserTestsUsingPropertyFile" name="deleteuserByNameTest" time="1.097"/>
  <system-out/>
</testsuite> <!-- api.Test.UserTestsUsingPropertyFile -->
