<?xml version="1.0" encoding="UTF-8"?>
<!-- Generated by org.testng.reporters.JUnitReportReporter -->
<testsuite hostname="OM-SAI-RAM" failures="0" tests="4" name="api.Test.UserTests" time="7.127" errors="0" timestamp="2024-01-03T21:26:13 IST" skipped="0">
  <testcase classname="api.Test.UserTests" name="postUserTest" time="1.605"/>
  <system-out/>
  <testcase classname="api.Test.UserTests" name="getUserByNameTest" time="1.318"/>
  <system-out/>
  <testcase classname="api.Test.UserTests" name="updateUserByNameTest" time="2.813"/>
  <system-out/>
  <testcase classname="api.Test.UserTests" name="deleteuserByNameTest" time="1.391"/>
  <system-out/>
</testsuite> <!-- api.Test.UserTests -->
