<?xml version="1.0" encoding="UTF-8"?>
<!-- Generated by org.testng.reporters.JUnitReportReporter -->
<testsuite hostname="OM-SAI-RAM" failures="0" tests="6" name="api.Test.DataDrivenTest" time="11.035" errors="0" timestamp="2024-01-03T21:26:13 IST" skipped="0">
  <testcase classname="api.Test.DataDrivenTest" name="postUserTest" time="1.423"/>
  <system-out/>
  <testcase classname="api.Test.DataDrivenTest" name="postUserTest" time="1.451"/>
  <system-out/>
  <testcase classname="api.Test.DataDrivenTest" name="postUserTest" time="4.501"/>
  <system-out/>
  <testcase classname="api.Test.DataDrivenTest" name="deleteUserByNameTest" time="1.233"/>
  <system-out/>
  <testcase classname="api.Test.DataDrivenTest" name="deleteUserByNameTest" time="1.207"/>
  <system-out/>
  <testcase classname="api.Test.DataDrivenTest" name="deleteUserByNameTest" time="1.220"/>
  <system-out/>
</testsuite> <!-- api.Test.DataDrivenTest -->
